<?xml version="1.0" encoding="UTF-8"?>
<testng-results ignored="0" total="1" passed="1" failed="0" skipped="0">
  <reporter-output>
  </reporter-output>
  <suite started-at="2026-04-03T00:14:25 IST" name="Default suite" finished-at="2026-04-03T00:14:25 IST" duration-ms="90">
    <groups>
    </groups>
    <test started-at="2026-04-03T00:14:25 IST" name="Default test" finished-at="2026-04-03T00:14:25 IST" duration-ms="90">
      <class name="com.bpositive.pages.TestNGFinalCheck">
        <test-method signature="test()[pri:0, instance:com.bpositive.pages.TestNGFinalCheck@1d119efb]" started-at="2026-04-03T00:14:25 IST" name="test" finished-at="2026-04-03T00:14:25 IST" duration-ms="19" status="PASS">
          <reporter-output>
          </reporter-output>
        </test-method> <!-- test -->
      </class> <!-- com.bpositive.pages.TestNGFinalCheck -->
    </test> <!-- Default test -->
  </suite> <!-- Default suite -->
</testng-results>
